<?xml version="1.0" encoding="UTF-8"?>
<!-- Generated by org.testng.reporters.JUnitXMLReporter -->
<testsuite ignored="0" hostname="JohnWB" failures="1" tests="1" name="Test" time="24.67" errors="0" timestamp="2023-03-29T22:07:33 IST">
  <testcase classname="com.actitime.testscript.TaskListModule" name="TestCreateCustomer" time="0.033">
    <failure type="java.io.FileNotFoundException" message=".\data\tescript.xlsx (The system cannot find the file specified)">
      <![CDATA[java.io.FileNotFoundException: .\data\tescript.xlsx (The system cannot find the file specified)
at java.base/java.io.FileInputStream.open0(Native Method)
at java.base/java.io.FileInputStream.open(FileInputStream.java:216)
at java.base/java.io.FileInputStream.<init>(FileInputStream.java:157)
at java.base/java.io.FileInputStream.<init>(FileInputStream.java:111)
at com.actitime.generic.FileLib.getExcelData(FileLib.java:25)
at com.actitime.testscript.TaskListModule.TestCreateCustomer(TaskListModule.java:20)
at java.base/java.util.ArrayList.forEach(ArrayList.java:1511)
... Removed 25 stack frames]]>
    </failure>
  </testcase> <!-- TestCreateCustomer -->
</testsuite> <!-- Test -->
